[debug] [2019-02-12T09:54:31.052Z] ----------------------------------------------------------------------
[debug] [2019-02-12T09:54:31.055Z] Command:       /Users/seanryanchan/.nvm/versions/node/v8.2.1/bin/node /Users/seanryanchan/.nvm/versions/node/v8.2.1/bin/firebase deploy
[debug] [2019-02-12T09:54:31.055Z] CLI Version:   4.2.0
[debug] [2019-02-12T09:54:31.055Z] Platform:      darwin
[debug] [2019-02-12T09:54:31.055Z] Node Version:  v8.2.1
[debug] [2019-02-12T09:54:31.056Z] Time:          Tue Feb 12 2019 17:54:31 GMT+0800 (PST)
[debug] [2019-02-12T09:54:31.056Z] ----------------------------------------------------------------------
[debug] 
[debug] [2019-02-12T09:54:31.074Z] > command requires scopes: ["email","openid","https://www.googleapis.com/auth/cloudplatformprojects.readonly","https://www.googleapis.com/auth/firebase","https://www.googleapis.com/auth/cloud-platform"]
[debug] [2019-02-12T09:54:31.074Z] > authorizing via signed-in user
[debug] [2019-02-12T09:54:31.077Z] >>> HTTP REQUEST GET https://admin.firebase.com/v1/projects/helloworld-77c1c  
 
[debug] [2019-02-12T09:54:32.191Z] <<< HTTP RESPONSE 200
[info] 
[info] === Deploying to 'helloworld-77c1c'...
[info] 
[info] i  deploying database, functions, hosting
[info] i  database: checking rules syntax...
[debug] [2019-02-12T09:54:35.911Z] >>> HTTP REQUEST PUT https://helloworld-77c1c.firebaseio.com/.settings/rules.json?dryRun=true  
 {
  /* Visit https://firebase.google.com/docs/database/security to learn more about security rules. */
  "rules": {
    ".read": false,
    ".write": false
  }
}
[debug] [2019-02-12T09:54:37.069Z] <<< HTTP RESPONSE 200
[info] ✔  database: rules syntax for database helloworld-77c1c is valid
[debug] [2019-02-12T09:54:37.073Z] > [functions] package.json contents: {
  "name": "functions",
  "description": "Cloud Functions for Firebase",
  "scripts": {
    "serve": "firebase serve --only functions",
    "shell": "firebase functions:shell",
    "start": "npm run shell",
    "deploy": "firebase deploy --only functions",
    "logs": "firebase functions:log"
  },
  "dependencies": {
    "firebase-admin": "~6.0.0",
    "firebase-functions": "^2.0.3",
    "express": "4.15.0"
  },
  "private": true
}
[info] i  functions: ensuring necessary APIs are enabled...
[debug] [2019-02-12T09:54:37.075Z] >>> HTTP REQUEST GET https://servicemanagement.googleapis.com/v1/services/cloudfunctions.googleapis.com/projectSettings/helloworld-77c1c?view=CONSUMER_VIEW  
 
[debug] [2019-02-12T09:54:37.076Z] >>> HTTP REQUEST GET https://servicemanagement.googleapis.com/v1/services/runtimeconfig.googleapis.com/projectSettings/helloworld-77c1c?view=CONSUMER_VIEW  
 
[debug] [2019-02-12T09:54:39.229Z] <<< HTTP RESPONSE 200
[debug] [2019-02-12T09:54:39.336Z] <<< HTTP RESPONSE 200
[info] ✔  functions: all necessary APIs are enabled
[debug] [2019-02-12T09:54:39.337Z] >>> HTTP REQUEST GET https://cloudresourcemanager.googleapis.com/v1/projects/helloworld-77c1c  
 
[debug] [2019-02-12T09:54:40.857Z] <<< HTTP RESPONSE 200
[debug] [2019-02-12T09:54:40.857Z] >>> HTTP REQUEST GET https://mobilesdk-pa.googleapis.com/v1/projects/390481912517:getServerAppConfig  
 
[debug] [2019-02-12T09:54:41.407Z] <<< HTTP RESPONSE 200
[debug] [2019-02-12T09:54:41.409Z] >>> HTTP REQUEST POST https://firebasehosting.googleapis.com/v1beta1/sites/helloworld-77c1c/versions  

[debug] [2019-02-12T09:54:43.418Z] <<< HTTP RESPONSE 200
[info] i  functions: preparing functions directory for uploading...
[debug] [2019-02-12T09:54:43.422Z] >>> HTTP REQUEST GET https://runtimeconfig.googleapis.com/v1beta1/projects/helloworld-77c1c/configs  
 
[debug] [2019-02-12T09:54:45.159Z] <<< HTTP RESPONSE 200
[info] i  functions: packaged functions (40.45 KB) for uploading
[debug] [2019-02-12T09:54:45.859Z] >>> HTTP REQUEST POST https://cloudfunctions.googleapis.com/v1/projects/helloworld-77c1c/locations/us-central1/functions:generateUploadUrl  
 
[debug] [2019-02-12T09:54:46.898Z] <<< HTTP RESPONSE 200
[debug] [2019-02-12T09:54:46.900Z] >>> HTTP REQUEST PUT https://storage.googleapis.com/gcf-upload-us-central1-518c47b8-6e3f-49c6-a8c4-d5f553f22a73/e29225f0-365f-4148-8250-657e7aef4b3d.zip?GoogleAccessId=service-390481912517@gcf-admin-robot.iam.gserviceaccount.com&Expires=1549967086&Signature=stq14okLqdOTpG6LQalB9gfRzZ%2BmxiaYfXSBa8bnW5SMbzJ1bmOLGPTFNuTH5ph97ikiGZsxS2lP98UrrXOWuekYd%2FZY47hRxmKpVruAFhdCSJm4mZXcLzTheMw%2FoFD7X%2Fi8qQK88Pv8BrZRf%2BXT0NTOHGce9%2B7ymsiLtl1OI77S40A96f%2ByyMnEOB%2F5B050vi9j13pujWgm4XdhyXpdS3R0PyTQsdihVysBvrHjG1iYhIwT4uJjpwDvU0T%2Byw0XyiN%2B%2BPLlv3NGjR1EvWB45NOs%2FsVGn%2FWU3mdxhLzW1lA%2Fj9i05ZC1FWavQyOj%2FyXkTLuA24s4t8%2FKffRauKLsqA%3D%3D  

[debug] [2019-02-12T09:54:48.231Z] <<< HTTP RESPONSE 200
[info] ✔  functions: functions folder uploaded successfully
[info] i  hosting[helloworld-77c1c]: beginning deploy...
[info] i  hosting[helloworld-77c1c]: found 93 files in public
[debug] [2019-02-12T09:54:48.282Z] [hosting] hash cache [cHVibGlj] stored for 93 files
[debug] [2019-02-12T09:54:48.282Z] [hosting][hash queue][FINAL]
[debug] [2019-02-12T09:54:48.282Z] >>> HTTP REQUEST POST https://firebasehosting.googleapis.com/v1beta1/sites/helloworld-77c1c/versions/7a215cf9ac1f893a:populateFiles  
 <request body omitted>
[debug] [2019-02-12T09:54:50.481Z] <<< HTTP RESPONSE 200
[debug] [2019-02-12T09:54:50.488Z] [hosting][populate queue][FINAL]
[debug] [2019-02-12T09:54:50.488Z] [hosting] uploads queued: 1
[debug] [2019-02-12T09:54:54.481Z] [hosting][upload queue][FINAL]
[info] ✔  hosting[helloworld-77c1c]: file upload complete
[debug] [2019-02-12T09:54:54.483Z] [hosting] deploy completed after 6249ms
[info] i  database: releasing rules...
[debug] [2019-02-12T09:54:54.485Z] >>> HTTP REQUEST PUT https://helloworld-77c1c.firebaseio.com/.settings/rules.json  
 {
  /* Visit https://firebase.google.com/docs/database/security to learn more about security rules. */
  "rules": {
    ".read": false,
    ".write": false
  }
}
[debug] [2019-02-12T09:54:55.419Z] <<< HTTP RESPONSE 200
[info] ✔  database: rules for database helloworld-77c1c released successfully
[debug] [2019-02-12T09:54:55.426Z] >>> HTTP REQUEST GET https://cloudfunctions.googleapis.com/v1/projects/helloworld-77c1c/locations/-/functions  
 
[debug] [2019-02-12T09:54:56.350Z] <<< HTTP RESPONSE 200
[info] i  functions: updating Node.js 6 function firstAsiaApp(us-central1)...
[debug] [2019-02-12T09:54:56.357Z] Trigger is:  {"httpsTrigger":{}}
[debug] [2019-02-12T09:54:56.359Z] >>> HTTP REQUEST PATCH https://cloudfunctions.googleapis.com/v1/projects/helloworld-77c1c/locations/us-central1/functions/firstAsiaApp 
query params: {"updateMask":"sourceUploadUrl,name,labels,httpsTrigger"} 

[debug] [2019-02-12T09:54:57.588Z] <<< HTTP RESPONSE 200
[debug] [2019-02-12T09:54:57.592Z] >>> HTTP REQUEST GET https://cloudfunctions.googleapis.com/v1/projects/helloworld-77c1c/locations/-/functions  
 
[debug] [2019-02-12T09:54:58.779Z] <<< HTTP RESPONSE 200
[debug] [2019-02-12T09:54:58.781Z] >>> HTTP REQUEST GET https://cloudfunctions.googleapis.com/v1/operations/aGVsbG93b3JsZC03N2MxYy91cy1jZW50cmFsMS9maXJzdEFzaWFBcHAvcEhiR3ppY2tONDA  
 
[debug] [2019-02-12T09:54:59.806Z] <<< HTTP RESPONSE 200
[debug] [2019-02-12T09:55:01.810Z] >>> HTTP REQUEST GET https://cloudfunctions.googleapis.com/v1/operations/aGVsbG93b3JsZC03N2MxYy91cy1jZW50cmFsMS9maXJzdEFzaWFBcHAvcEhiR3ppY2tONDA  
 
[debug] [2019-02-12T09:55:03.444Z] <<< HTTP RESPONSE 200
[debug] [2019-02-12T09:55:05.444Z] >>> HTTP REQUEST GET https://cloudfunctions.googleapis.com/v1/operations/aGVsbG93b3JsZC03N2MxYy91cy1jZW50cmFsMS9maXJzdEFzaWFBcHAvcEhiR3ppY2tONDA  
 
[debug] [2019-02-12T09:55:06.355Z] <<< HTTP RESPONSE 200
[debug] [2019-02-12T09:55:08.358Z] >>> HTTP REQUEST GET https://cloudfunctions.googleapis.com/v1/operations/aGVsbG93b3JsZC03N2MxYy91cy1jZW50cmFsMS9maXJzdEFzaWFBcHAvcEhiR3ppY2tONDA  
 
[debug] [2019-02-12T09:55:09.222Z] <<< HTTP RESPONSE 200
[debug] [2019-02-12T09:55:11.223Z] >>> HTTP REQUEST GET https://cloudfunctions.googleapis.com/v1/operations/aGVsbG93b3JsZC03N2MxYy91cy1jZW50cmFsMS9maXJzdEFzaWFBcHAvcEhiR3ppY2tONDA  
 
[debug] [2019-02-12T09:55:11.722Z] <<< HTTP RESPONSE 200
[debug] [2019-02-12T09:55:13.725Z] >>> HTTP REQUEST GET https://cloudfunctions.googleapis.com/v1/operations/aGVsbG93b3JsZC03N2MxYy91cy1jZW50cmFsMS9maXJzdEFzaWFBcHAvcEhiR3ppY2tONDA  
 
[debug] [2019-02-12T09:55:14.342Z] <<< HTTP RESPONSE 200
[debug] [2019-02-12T09:55:16.346Z] >>> HTTP REQUEST GET https://cloudfunctions.googleapis.com/v1/operations/aGVsbG93b3JsZC03N2MxYy91cy1jZW50cmFsMS9maXJzdEFzaWFBcHAvcEhiR3ppY2tONDA  
 
[debug] [2019-02-12T09:55:17.343Z] <<< HTTP RESPONSE 200
[debug] [2019-02-12T09:55:19.349Z] >>> HTTP REQUEST GET https://cloudfunctions.googleapis.com/v1/operations/aGVsbG93b3JsZC03N2MxYy91cy1jZW50cmFsMS9maXJzdEFzaWFBcHAvcEhiR3ppY2tONDA  
 
[debug] [2019-02-12T09:55:20.179Z] <<< HTTP RESPONSE 200
[debug] [2019-02-12T09:55:22.184Z] >>> HTTP REQUEST GET https://cloudfunctions.googleapis.com/v1/operations/aGVsbG93b3JsZC03N2MxYy91cy1jZW50cmFsMS9maXJzdEFzaWFBcHAvcEhiR3ppY2tONDA  
 
[debug] [2019-02-12T09:55:23.559Z] <<< HTTP RESPONSE 200
[debug] [2019-02-12T09:55:25.560Z] >>> HTTP REQUEST GET https://cloudfunctions.googleapis.com/v1/operations/aGVsbG93b3JsZC03N2MxYy91cy1jZW50cmFsMS9maXJzdEFzaWFBcHAvcEhiR3ppY2tONDA  
 
[debug] [2019-02-12T09:55:26.427Z] <<< HTTP RESPONSE 200
[debug] [2019-02-12T09:55:28.428Z] >>> HTTP REQUEST GET https://cloudfunctions.googleapis.com/v1/operations/aGVsbG93b3JsZC03N2MxYy91cy1jZW50cmFsMS9maXJzdEFzaWFBcHAvcEhiR3ppY2tONDA  
 
[debug] [2019-02-12T09:55:29.292Z] <<< HTTP RESPONSE 200
[debug] [2019-02-12T09:55:31.294Z] >>> HTTP REQUEST GET https://cloudfunctions.googleapis.com/v1/operations/aGVsbG93b3JsZC03N2MxYy91cy1jZW50cmFsMS9maXJzdEFzaWFBcHAvcEhiR3ppY2tONDA  
 
[debug] [2019-02-12T09:55:32.160Z] <<< HTTP RESPONSE 200
[debug] [2019-02-12T09:55:34.162Z] >>> HTTP REQUEST GET https://cloudfunctions.googleapis.com/v1/operations/aGVsbG93b3JsZC03N2MxYy91cy1jZW50cmFsMS9maXJzdEFzaWFBcHAvcEhiR3ppY2tONDA  
 
[debug] [2019-02-12T09:55:34.983Z] <<< HTTP RESPONSE 200
[debug] [2019-02-12T09:55:36.987Z] >>> HTTP REQUEST GET https://cloudfunctions.googleapis.com/v1/operations/aGVsbG93b3JsZC03N2MxYy91cy1jZW50cmFsMS9maXJzdEFzaWFBcHAvcEhiR3ppY2tONDA  
 
[debug] [2019-02-12T09:55:37.791Z] <<< HTTP RESPONSE 200
[debug] [2019-02-12T09:55:39.792Z] >>> HTTP REQUEST GET https://cloudfunctions.googleapis.com/v1/operations/aGVsbG93b3JsZC03N2MxYy91cy1jZW50cmFsMS9maXJzdEFzaWFBcHAvcEhiR3ppY2tONDA  
 
[debug] [2019-02-12T09:55:40.554Z] <<< HTTP RESPONSE 200
[debug] [2019-02-12T09:55:42.555Z] >>> HTTP REQUEST GET https://cloudfunctions.googleapis.com/v1/operations/aGVsbG93b3JsZC03N2MxYy91cy1jZW50cmFsMS9maXJzdEFzaWFBcHAvcEhiR3ppY2tONDA  
 
[debug] [2019-02-12T09:55:43.430Z] <<< HTTP RESPONSE 200
[debug] [2019-02-12T09:55:45.435Z] >>> HTTP REQUEST GET https://cloudfunctions.googleapis.com/v1/operations/aGVsbG93b3JsZC03N2MxYy91cy1jZW50cmFsMS9maXJzdEFzaWFBcHAvcEhiR3ppY2tONDA  
 
[debug] [2019-02-12T09:55:45.982Z] <<< HTTP RESPONSE 200
[debug] [2019-02-12T09:55:47.992Z] >>> HTTP REQUEST GET https://cloudfunctions.googleapis.com/v1/operations/aGVsbG93b3JsZC03N2MxYy91cy1jZW50cmFsMS9maXJzdEFzaWFBcHAvcEhiR3ppY2tONDA  
 
[debug] [2019-02-12T09:55:48.769Z] <<< HTTP RESPONSE 200
[debug] [2019-02-12T09:55:50.771Z] >>> HTTP REQUEST GET https://cloudfunctions.googleapis.com/v1/operations/aGVsbG93b3JsZC03N2MxYy91cy1jZW50cmFsMS9maXJzdEFzaWFBcHAvcEhiR3ppY2tONDA  
 
[debug] [2019-02-12T09:55:51.413Z] <<< HTTP RESPONSE 200
[debug] [2019-02-12T09:55:53.416Z] >>> HTTP REQUEST GET https://cloudfunctions.googleapis.com/v1/operations/aGVsbG93b3JsZC03N2MxYy91cy1jZW50cmFsMS9maXJzdEFzaWFBcHAvcEhiR3ppY2tONDA  
 
[debug] [2019-02-12T09:55:54.382Z] <<< HTTP RESPONSE 200
[debug] [2019-02-12T09:55:56.383Z] >>> HTTP REQUEST GET https://cloudfunctions.googleapis.com/v1/operations/aGVsbG93b3JsZC03N2MxYy91cy1jZW50cmFsMS9maXJzdEFzaWFBcHAvcEhiR3ppY2tONDA  
 
[debug] [2019-02-12T09:55:56.941Z] <<< HTTP RESPONSE 200
[debug] [2019-02-12T09:55:58.942Z] >>> HTTP REQUEST GET https://cloudfunctions.googleapis.com/v1/operations/aGVsbG93b3JsZC03N2MxYy91cy1jZW50cmFsMS9maXJzdEFzaWFBcHAvcEhiR3ppY2tONDA  
 
[debug] [2019-02-12T09:55:59.500Z] <<< HTTP RESPONSE 200
[debug] [2019-02-12T09:56:01.504Z] >>> HTTP REQUEST GET https://cloudfunctions.googleapis.com/v1/operations/aGVsbG93b3JsZC03N2MxYy91cy1jZW50cmFsMS9maXJzdEFzaWFBcHAvcEhiR3ppY2tONDA  
 
[debug] [2019-02-12T09:56:02.368Z] <<< HTTP RESPONSE 200
[debug] [2019-02-12T09:56:04.373Z] >>> HTTP REQUEST GET https://cloudfunctions.googleapis.com/v1/operations/aGVsbG93b3JsZC03N2MxYy91cy1jZW50cmFsMS9maXJzdEFzaWFBcHAvcEhiR3ppY2tONDA  
 
[debug] [2019-02-12T09:56:04.926Z] <<< HTTP RESPONSE 200
[debug] [2019-02-12T09:56:06.928Z] >>> HTTP REQUEST GET https://cloudfunctions.googleapis.com/v1/operations/aGVsbG93b3JsZC03N2MxYy91cy1jZW50cmFsMS9maXJzdEFzaWFBcHAvcEhiR3ppY2tONDA  
 
[debug] [2019-02-12T09:56:07.795Z] <<< HTTP RESPONSE 200
[debug] [2019-02-12T09:56:09.799Z] >>> HTTP REQUEST GET https://cloudfunctions.googleapis.com/v1/operations/aGVsbG93b3JsZC03N2MxYy91cy1jZW50cmFsMS9maXJzdEFzaWFBcHAvcEhiR3ppY2tONDA  
 
[debug] [2019-02-12T09:56:10.560Z] <<< HTTP RESPONSE 200
[debug] [2019-02-12T09:56:12.565Z] >>> HTTP REQUEST GET https://cloudfunctions.googleapis.com/v1/operations/aGVsbG93b3JsZC03N2MxYy91cy1jZW50cmFsMS9maXJzdEFzaWFBcHAvcEhiR3ppY2tONDA  
 
[debug] [2019-02-12T09:56:13.416Z] <<< HTTP RESPONSE 200
[debug] [2019-02-12T09:56:15.420Z] >>> HTTP REQUEST GET https://cloudfunctions.googleapis.com/v1/operations/aGVsbG93b3JsZC03N2MxYy91cy1jZW50cmFsMS9maXJzdEFzaWFBcHAvcEhiR3ppY2tONDA  
 
[debug] [2019-02-12T09:56:16.396Z] <<< HTTP RESPONSE 200
[debug] [2019-02-12T09:56:18.397Z] >>> HTTP REQUEST GET https://cloudfunctions.googleapis.com/v1/operations/aGVsbG93b3JsZC03N2MxYy91cy1jZW50cmFsMS9maXJzdEFzaWFBcHAvcEhiR3ppY2tONDA  
 
[debug] [2019-02-12T09:56:19.263Z] <<< HTTP RESPONSE 200
[debug] [2019-02-12T09:56:21.268Z] >>> HTTP REQUEST GET https://cloudfunctions.googleapis.com/v1/operations/aGVsbG93b3JsZC03N2MxYy91cy1jZW50cmFsMS9maXJzdEFzaWFBcHAvcEhiR3ppY2tONDA  
 
[debug] [2019-02-12T09:56:21.823Z] <<< HTTP RESPONSE 200
[debug] [2019-02-12T09:56:23.829Z] >>> HTTP REQUEST GET https://cloudfunctions.googleapis.com/v1/operations/aGVsbG93b3JsZC03N2MxYy91cy1jZW50cmFsMS9maXJzdEFzaWFBcHAvcEhiR3ppY2tONDA  
 
[debug] [2019-02-12T09:56:24.693Z] <<< HTTP RESPONSE 200
